Arguments: 
  /home/gustavo/.nvm/versions/node/v12.14.1/bin/node /usr/share/yarn/bin/yarn.js add @babel/plugin-propostal-class-properties -D

PATH: 
  /home/gustavo/.zinit/polaris/bin:/home/gustavo/.nvm/versions/node/v12.14.1/bin:/usr/local/sbin:/usr/local/bin:/usr/sbin:/usr/bin:/sbin:/bin:/usr/games:/usr/local/games

Yarn version: 
  1.21.1

Node version: 
  12.14.1

Platform: 
  linux x64

Trace: 
  Error: https://registry.yarnpkg.com/@babel%2fplugin-propostal-class-properties: Not found
      at Request.params.callback [as _callback] (/usr/share/yarn/lib/cli.js:66947:18)
      at Request.self.callback (/usr/share/yarn/lib/cli.js:140665:22)
      at Request.emit (events.js:223:5)
      at Request.<anonymous> (/usr/share/yarn/lib/cli.js:141637:10)
      at Request.emit (events.js:223:5)
      at IncomingMessage.<anonymous> (/usr/share/yarn/lib/cli.js:141559:12)
      at Object.onceWrapper (events.js:312:28)
      at IncomingMessage.emit (events.js:228:7)
      at endReadableNT (_stream_readable.js:1185:12)
      at processTicksAndRejections (internal/process/task_queues.js:81:21)

npm manifest: 
  {
    "name": "modulo04",
    "version": "1.0.0",
    "main": "index.js",
    "license": "MIT",
    "scripts": {
      "build": "webpack --mode production",
      "dev": "webpack-dev-server --mode development"
    },
    "devDependencies": {
      "@babel/core": "^7.8.4",
      "@babel/preset-env": "^7.8.4",
      "@babel/preset-react": "^7.8.3",
      "babel-loader": "^8.0.6",
      "css-loader": "^3.4.2",
      "file-loader": "^5.0.2",
      "style-loader": "^1.1.3",
      "webpack": "^4.41.5",
      "webpack-cli": "^3.3.10",
      "webpack-dev-server": "^3.10.3"
    },
    "dependencies": {
      "react": "^16.12.0",
      "react-dom": "^16.12.0"
    }
  }

yarn manifest: 
  No manifest

Lockfile: 
  No lockfile
